{
  "RSpec": {
    "coverage": {
      "/Users/saiganesh.s/RubymineProjects/password_manager/app/api/entities/user_entity.rb": {
        "lines": [
          1,
          1,
          1,
          1,
          1,
          1,
          1,
          null,
          null
        ]
      },
      "/Users/saiganesh.s/RubymineProjects/password_manager/app/api/entities/password_record_entity.rb": {
        "lines": [
          1,
          1,
          1,
          1,
          1,
          1,
          1,
          1,
          1,
          null,
          null
        ]
      },
      "/Users/saiganesh.s/RubymineProjects/password_manager/app/api/entities/shared_password_record_entity.rb": {
        "lines": [
          1,
          1,
          1,
          1,
          1,
          1,
          1,
          null,
          null
        ]
      },
      "/Users/saiganesh.s/RubymineProjects/password_manager/app/api/v1/password_records.rb": {
        "lines": [
          1,
          1,
          1,
          5,
          0,
          0,
          null,
          null,
          0,
          0,
          0,
          null,
          0,
          null,
          null,
          5,
          0,
          null,
          null,
          null,
          1,
          0,
          null,
          null,
          1,
          5,
          5,
          0,
          0,
          0,
          null,
          0,
          null,
          null,
          null,
          0,
          0,
          null,
          null,
          5,
          5,
          5,
          5,
          5,
          5,
          null,
          5,
          0,
          0,
          null,
          null,
          5,
          5,
          5,
          0,
          0,
          null,
          null,
          5,
          5,
          5,
          5,
          5,
          5,
          null,
          5,
          0,
          0,
          0,
          null,
          null,
          5,
          5,
          0,
          0,
          0,
          null,
          null,
          null,
          null,
          null
        ]
      },
      "/Users/saiganesh.s/RubymineProjects/password_manager/app/api/v1/auth.rb": {
        "lines": [
          1,
          1,
          1,
          5,
          5,
          5,
          5,
          5,
          null,
          5,
          0,
          0,
          0,
          null,
          null,
          5,
          5,
          5,
          5,
          null,
          5,
          0,
          0,
          null,
          0,
          0,
          null,
          0,
          null,
          null,
          null,
          null,
          null
        ]
      },
      "/Users/saiganesh.s/RubymineProjects/password_manager/app/api/v1/shared_password_records.rb": {
        "lines": [
          1,
          1,
          1,
          5,
          0,
          0,
          null,
          0,
          0,
          0,
          null,
          null,
          5,
          0,
          null,
          null,
          5,
          0,
          null,
          null,
          null,
          1,
          0,
          null,
          null,
          1,
          5,
          5,
          5,
          5,
          null,
          5,
          0,
          0,
          null,
          0,
          0,
          null,
          null,
          null,
          null,
          null,
          0,
          0,
          null,
          0,
          null,
          null,
          null,
          5,
          5,
          0,
          null,
          null,
          5,
          5,
          0,
          null,
          null,
          5,
          5,
          5,
          5,
          null,
          5,
          0,
          0,
          0,
          0,
          0,
          null,
          null,
          null,
          null
        ]
      },
      "/Users/saiganesh.s/RubymineProjects/password_manager/app/api/v1/base.rb": {
        "lines": [
          1,
          1,
          1,
          1,
          1,
          null,
          1,
          null,
          null,
          null,
          null,
          null,
          null,
          null,
          null,
          null,
          null,
          null
        ]
      },
      "/Users/saiganesh.s/RubymineProjects/password_manager/app/api/api.rb": {
        "lines": [
          1,
          1,
          1,
          1,
          null,
          1,
          0,
          null,
          null,
          1,
          null
        ]
      },
      "/Users/saiganesh.s/RubymineProjects/password_manager/app/models/user.rb": {
        "lines": [
          1,
          1,
          1,
          null,
          1,
          null,
          null,
          1,
          null,
          1,
          null,
          null,
          1,
          1,
          1,
          null,
          null,
          1,
          1,
          null,
          1,
          1,
          null,
          null,
          1,
          1,
          null,
          1,
          1,
          null,
          null,
          1,
          null,
          1,
          1,
          1,
          1,
          null,
          1,
          76,
          null,
          null,
          1,
          84,
          null,
          null,
          1,
          0,
          0,
          0,
          0,
          null,
          null,
          1,
          0,
          0,
          0,
          0,
          null,
          null
        ]
      },
      "/Users/saiganesh.s/RubymineProjects/password_manager/app/models/application_record.rb": {
        "lines": [
          1,
          1,
          null
        ]
      },
      "/Users/saiganesh.s/RubymineProjects/password_manager/app/helpers/application_helper.rb": {
        "lines": [
          1,
          null
        ]
      },
      "/Users/saiganesh.s/RubymineProjects/password_manager/app/helpers/mailer_helper.rb": {
        "lines": [
          1,
          null
        ]
      },
      "/Users/saiganesh.s/RubymineProjects/password_manager/app/helpers/password_records_helper.rb": {
        "lines": [
          1,
          null
        ]
      },
      "/Users/saiganesh.s/RubymineProjects/password_manager/app/helpers/security_helper.rb": {
        "lines": [
          1,
          null
        ]
      },
      "/Users/saiganesh.s/RubymineProjects/password_manager/app/helpers/shared_access_helper.rb": {
        "lines": [
          1,
          null
        ]
      },
      "/Users/saiganesh.s/RubymineProjects/password_manager/app/models/password_record.rb": {
        "lines": [
          1,
          1,
          1,
          1,
          null,
          1,
          null,
          1,
          1,
          null,
          1,
          61,
          null,
          61,
          61,
          null,
          null,
          1,
          91,
          null,
          null,
          1,
          91,
          null,
          91,
          91,
          null,
          0,
          null,
          null,
          null,
          1,
          29,
          null,
          null,
          null,
          1,
          0,
          null,
          null,
          null,
          1,
          0,
          null,
          null,
          null,
          1,
          1,
          1,
          1,
          1,
          1,
          null,
          1,
          null,
          1,
          152,
          152,
          152,
          null,
          null
        ]
      },
      "/Users/saiganesh.s/RubymineProjects/password_manager/app/models/shared_access.rb": {
        "lines": [
          1,
          1,
          1,
          null,
          1,
          null
        ]
      },
      "/Users/saiganesh.s/RubymineProjects/password_manager/app/models/shared_password_record.rb": {
        "lines": [
          1,
          1,
          1,
          1,
          null,
          1,
          null
        ]
      },
      "/Users/saiganesh.s/RubymineProjects/password_manager/app/controllers/password_records_controller.rb": {
        "lines": [
          1,
          1,
          1,
          1,
          1,
          null,
          null,
          1,
          29,
          29,
          29,
          null,
          29,
          29,
          29,
          null,
          29,
          4,
          4,
          4,
          4,
          null,
          4,
          null,
          4,
          4,
          null,
          null,
          29,
          29,
          null,
          29,
          29,
          29,
          null,
          null,
          null,
          null,
          null,
          1,
          4,
          null,
          null,
          null,
          1,
          2,
          null,
          null,
          null,
          1,
          null,
          null,
          null,
          1,
          3,
          null,
          3,
          3,
          4,
          2,
          null,
          2,
          1,
          null,
          null,
          null,
          null,
          null,
          1,
          2,
          2,
          2,
          4,
          2,
          null,
          0,
          0,
          null,
          null,
          null,
          0,
          0,
          0,
          null,
          null,
          null,
          null,
          null,
          null,
          1,
          3,
          3,
          3,
          6,
          3,
          null,
          null,
          0,
          0,
          0,
          null,
          null,
          null,
          null,
          1,
          null,
          1,
          16,
          null,
          null,
          null,
          1,
          5,
          null,
          null,
          1,
          8,
          8,
          4,
          4,
          null,
          4,
          null,
          null,
          null,
          1,
          12,
          12,
          2,
          null,
          null,
          null
        ]
      },
      "/Users/saiganesh.s/RubymineProjects/password_manager/app/controllers/application_controller.rb": {
        "lines": [
          1,
          null,
          1,
          1,
          1,
          1,
          null,
          1,
          7,
          7,
          null,
          null,
          null,
          null
        ]
      },
      "/Users/saiganesh.s/RubymineProjects/password_manager/app/controllers/shared_access_controller.rb": {
        "lines": [
          1,
          1,
          null,
          1,
          6,
          6,
          2,
          null,
          null,
          null,
          4,
          1,
          1,
          1,
          1,
          null,
          0,
          null,
          null,
          3,
          3,
          3,
          null,
          3,
          3,
          null,
          0,
          null,
          null,
          null,
          null,
          1,
          3,
          1,
          1,
          null,
          2,
          2,
          2,
          2,
          0,
          null,
          2,
          1,
          1,
          null,
          null,
          null,
          3,
          null,
          null
        ]
      },
      "/Users/saiganesh.s/RubymineProjects/password_manager/app/controllers/security_controller.rb": {
        "lines": [
          1,
          1,
          null,
          1,
          0,
          0,
          0,
          0,
          null,
          1,
          null,
          null,
          1,
          3,
          3,
          3,
          3,
          null,
          0,
          null,
          null,
          null,
          null,
          null
        ]
      },
      "/Users/saiganesh.s/RubymineProjects/password_manager/app/jobs/application_job.rb": {
        "lines": [
          0,
          null,
          null,
          null,
          null,
          null,
          0
        ],
        "branches": {}
      },
      "/Users/saiganesh.s/RubymineProjects/password_manager/app/mailers/application_mailer.rb": {
        "lines": [
          0,
          0,
          0,
          0
        ],
        "branches": {}
      }
    },
    "timestamp": 1741243726
  }
}
